  dllmain.cpp
C:\Users\antho\Desktop\JGS-V2-Recode\JGS\Containers.h(230,31): warning C4267: '=' : conversion de 'size_t' en 'int32_t', perte possible de données
C:\Users\antho\Desktop\JGS-V2-Recode\JGS\SDK\FN_Basic.hpp(167,17): warning C4267: '=' : conversion de 'size_t' en 'int32_t', perte possible de données
C:\Users\antho\Desktop\JGS-V2-Recode\JGS\Util.h(143,25): warning C4244: '=' : conversion de 'double' en 'float', perte possible de données
C:\Users\antho\Desktop\JGS-V2-Recode\JGS\Util.h(144,26): warning C4244: '=' : conversion de 'double' en 'float', perte possible de données
C:\Users\antho\Desktop\JGS-V2-Recode\JGS\Util.h(145,25): warning C4244: '=' : conversion de 'double' en 'float', perte possible de données
C:\Users\antho\Desktop\JGS-V2-Recode\JGS\Util.h(146,25): warning C4244: '=' : conversion de 'double' en 'float', perte possible de données
C:\Users\antho\Desktop\JGS-V2-Recode\JGS\Classes.h(85,20): warning C4244: 'initialisation' : conversion de 'double' en 'float', perte possible de données
C:\Users\antho\Desktop\JGS-V2-Recode\JGS\Replication.h(261,21): warning C4858: abandon de la valeur retournée : This member function returns a bool indicating whether the container is empty and has no other effects. It is not useful to call this member function and discard the return value. Use the 'clear()' member function if you want to erase all elements.
C:\Users\antho\Desktop\JGS-V2-Recode\JGS\Inventory.h(105,28): warning C4858: abandon de la valeur retournée : This member function returns a bool indicating whether the container is empty and has no other effects. It is not useful to call this member function and discard the return value. Use the 'clear()' member function if you want to erase all elements.
C:\Users\antho\Desktop\JGS-V2-Recode\JGS\Functions.h(26,70): warning C4305: 'argument' : troncation de 'double' à 'float'
C:\Users\antho\Desktop\JGS-V2-Recode\JGS\Functions.h(155,74): warning C4244: '=' : conversion de 'double' en 'int', perte possible de données
C:\Users\antho\Desktop\JGS-V2-Recode\JGS\Hooks.h(445,69): warning C4305: 'argument' : troncation de 'double' à 'float'
C:\Users\antho\Desktop\JGS-V2-Recode\JGS\Hooks.h(569,74): warning C4244: '=' : conversion de 'double' en 'int', perte possible de données
C:\Users\antho\Desktop\JGS-V2-Recode\JGS\dllmain.cpp(37,15): warning C4244: 'argument' : conversion de 'time_t' en 'unsigned int', perte possible de données
LINK : warning LNK4098: conflit entre la bibliothèque par défaut 'LIBCMTD' et les autres bibliothèques ; utilisez /NODEFAULTLIB:library
  Génération de code en cours
  Previous IPDB not found, fall back to full compilation.
  All 768 functions were compiled because no usable IPDB/IOBJ from previous compilation was found.
  Fin de la génération du code
  JGS.vcxproj -> C:\Users\antho\Desktop\JGS-V2-Recode\x64\Release\JGS.dll
